
Showing logs for build [32mcb-kubecd-environment-pr-126-2-6cg8p-1[0m stage [32mfrom-build-pack[0m and container [32mstep-credential-initializer-w5bkn[0m
{"level":"warn","ts":1578335270.192754,"logger":"fallback-logger","caller":"logging/config.go:69","msg":"Fetch GitHub commit ID from kodata failed: \"ref: refs/heads/0.8.0-**-support-backwards-incompats\" is not a valid GitHub commit ID"}
{"level":"info","ts":1578335270.193633,"logger":"fallback-logger","caller":"creds-init/main.go:40","msg":"Credentials initialized."}

Showing logs for build [32mcb-kubecd-environment-pr-126-2-6cg8p-1[0m stage [32mfrom-build-pack[0m and container [32mstep-working-dir-initializer-6vpvk[0m
{"level":"warn","ts":1578335271.22962,"logger":"fallback-logger","caller":"logging/config.go:69","msg":"Fetch GitHub commit ID from kodata failed: open /var/run/ko/HEAD: no such file or directory"}
{"level":"info","ts":1578335271.2310863,"logger":"fallback-logger","caller":"bash/main.go:64","msg":"Successfully executed command \"sh -c mkdir -p /workspace/source\"; output "}

Showing logs for build [32mcb-kubecd-environment-pr-126-2-6cg8p-1[0m stage [32mfrom-build-pack[0m and container [32mstep-place-tools[0m

Showing logs for build [32mcb-kubecd-environment-pr-126-2-6cg8p-1[0m stage [32mfrom-build-pack[0m and container [32mstep-git-source-cb-kubecd-environment-pr-126-2-g8ntz[0m
{"level":"warn","ts":1578335275.3949955,"logger":"fallback-logger","caller":"logging/config.go:69","msg":"Fetch GitHub commit ID from kodata failed: \"ref: refs/heads/0.8.0-**-support-backwards-incompats\" is not a valid GitHub commit ID"}
{"level":"info","ts":1578335276.542635,"logger":"fallback-logger","caller":"git/git.go:103","msg":"Successfully cloned https://github.com/cb-kubecd/environment-pr-126-2-boot-vault-gke-staging.git @ master in path /workspace/source"}

Showing logs for build [32mcb-kubecd-environment-pr-126-2-6cg8p-1[0m stage [32mfrom-build-pack[0m and container [32mstep-git-merge[0m
Using SHAs from PULL_REFS=master:c5a0ec07d2cc2ffc12a27c6407249a0d8ef4413d,3:ee41d3a87c5fc932f73647aaa94cddbe58d638d4
DEBUG: ran git fetch --unshallow origin ee41d3a87c5fc932f73647aaa94cddbe58d638d4: c5a0ec07d2cc2ffc12a27c6407249a0d8ef4413d: in 
DEBUG: ran git checkout master in 
DEBUG: ran git reset --hard c5a0ec07d2cc2ffc12a27c6407249a0d8ef4413d in 
DEBUG: ran clean --force -d . in 
DEBUG: ran git merge ee41d3a87c5fc932f73647aaa94cddbe58d638d4 in 
Merged SHA ee41d3a87c5fc932f73647aaa94cddbe58d638d4 with commit message 'chore: Promote bdd-gh-1578333854 to version 0.0.1' into base branch master

Showing logs for build [32mcb-kubecd-environment-pr-126-2-6cg8p-1[0m stage [32mfrom-build-pack[0m and container [32mstep-build-helm-build[0m
WARNING: No $CHART_REPOSITORY defined so using the default value of: http://jenkins-x-chartmuseum:8080
Adding missing Helm repo: storage.googleapis.com https://storage.googleapis.com/chartmuseum.jenkins-x.io
WARNING: No secrets found on "helm/repos" due: reading the secret "helm/repos" from vault: no secret "helm/repos" not found in vault
Read credentials for https://storage.googleapis.com/chartmuseum.jenkins-x.io from vault helm/repos
Successfully added Helm repository storage.googleapis.com.
Adding missing Helm repo: jenkins-x-chartmuseum http://jenkins-x-chartmuseum:8080
WARNING: No secrets found on "helm/repos" due: reading the secret "helm/repos" from vault: no secret "helm/repos" not found in vault
Read credentials for http://jenkins-x-chartmuseum:8080 from vault helm/repos
Successfully added Helm repository jenkins-x-chartmuseum.
WARNING: No $CHART_REPOSITORY defined so using the default value of: http://jenkins-x-chartmuseum:8080
Adding missing Helm repo: chartmuseum.jenkins-x.io http://chartmuseum.jenkins-x.io
WARNING: No secrets found on "helm/repos" due: reading the secret "helm/repos" from vault: no secret "helm/repos" not found in vault
Read credentials for http://chartmuseum.jenkins-x.io from vault helm/repos
Successfully added Helm repository chartmuseum.jenkins-x.io.
